97.12.23 19:07 B C:\html\perl\cgi\!PODL_CA.CGI --> chatlink.com /home/guido5/WWW/Ducer/ducer2/cgi !PODL_CA.CGI
97.12.23 19:07 B C:\html\perl\cgi\backg.cgi --> chatlink.com /home/guido5/WWW/Ducer/ducer2/cgi backg.cgi
97.12.23 19:07 B C:\html\perl\cgi\BDAY.CGI --> chatlink.com /home/guido5/WWW/Ducer/ducer2/cgi BDAY.CGI
97.12.23 19:08 B C:\html\perl\cgi\CHFORTCOOKY.CGI --> chatlink.com /home/guido5/WWW/Ducer/ducer2/cgi CHFORTCOOKY.CGI
97.12.23 19:08 B C:\html\perl\cgi\datacomp.cgi --> chatlink.com /home/guido5/WWW/Ducer/ducer2/cgi datacomp.cgi
97.12.23 19:08 B C:\html\perl\cgi\Ducer.cgi --> chatlink.com /home/guido5/WWW/Ducer/ducer2/cgi Ducer.cgi
97.12.23 19:08 B C:\html\perl\cgi\DUCER1.CGI --> chatlink.com /home/guido5/WWW/Ducer/ducer2/cgi DUCER1.CGI
97.12.23 19:08 B C:\html\perl\cgi\DUCER2.CGI --> chatlink.com /home/guido5/WWW/Ducer/ducer2/cgi DUCER2.CGI
97.12.23 19:08 B C:\html\perl\cgi\DUCERV.CGI --> chatlink.com /home/guido5/WWW/Ducer/ducer2/cgi DUCERV.CGI
97.12.23 19:08 B C:\html\perl\cgi\DuStart.cgi --> chatlink.com /home/guido5/WWW/Ducer/ducer2/cgi DuStart.cgi
97.12.23 19:08 B C:\html\perl\cgi\FER.CGI --> chatlink.com /home/guido5/WWW/Ducer/ducer2/cgi FER.CGI
97.12.23 19:08 B C:\html\perl\cgi\FER2.CGI --> chatlink.com /home/guido5/WWW/Ducer/ducer2/cgi FER2.CGI
97.12.23 19:08 B C:\html\perl\cgi\FOO.CGI --> chatlink.com /home/guido5/WWW/Ducer/ducer2/cgi FOO.CGI
97.12.23 19:08 B C:\html\perl\cgi\FOO2.CGI --> chatlink.com /home/guido5/WWW/Ducer/ducer2/cgi FOO2.CGI
97.12.23 19:08 B C:\html\perl\cgi\jobreq.cgi --> chatlink.com /home/guido5/WWW/Ducer/ducer2/cgi jobreq.cgi
97.12.23 19:08 B C:\html\perl\cgi\JOINDUCER.CGI --> chatlink.com /home/guido5/WWW/Ducer/ducer2/cgi JOINDUCER.CGI
97.12.23 19:08 B C:\html\perl\cgi\pics.cgi --> chatlink.com /home/guido5/WWW/Ducer/ducer2/cgi pics.cgi
97.12.23 19:08 B C:\html\perl\cgi\PODL2CAR.CGI --> chatlink.com /home/guido5/WWW/Ducer/ducer2/cgi PODL2CAR.CGI
97.12.23 19:08 B C:\html\perl\cgi\RANDOM.CGI --> chatlink.com /home/guido5/WWW/Ducer/ducer2/cgi RANDOM.CGI
97.12.23 19:08 B C:\html\perl\cgi\sound.cgi --> chatlink.com /home/guido5/WWW/Ducer/ducer2/cgi sound.cgi
97.12.23 19:08 B C:\html\perl\cgi\webcrawl.cgi --> chatlink.com /home/guido5/WWW/Ducer/ducer2/cgi webcrawl.cgi
97.12.23 19:08 B C:\html\perl\cgi\webscan.cgi --> chatlink.com /home/guido5/WWW/Ducer/ducer2/cgi webscan.cgi
97.12.29 21:59 B C:\html\perl\cgi\!PODL_CA.CGI --> chatlink.com /home/guido5/duperl/ducgi !PODL_CA.CGI
97.12.29 21:59 B C:\html\perl\cgi\backg.cgi --> chatlink.com /home/guido5/duperl/ducgi backg.cgi
97.12.29 21:59 B C:\html\perl\cgi\BDAY.CGI --> chatlink.com /home/guido5/duperl/ducgi BDAY.CGI
97.12.29 21:59 B C:\html\perl\cgi\CHFORTCOOKY.CGI --> chatlink.com /home/guido5/duperl/ducgi CHFORTCOOKY.CGI
97.12.29 21:59 B C:\html\perl\cgi\datacomp.cgi --> chatlink.com /home/guido5/duperl/ducgi datacomp.cgi
97.12.29 21:59 B C:\html\perl\cgi\Ducer.cgi --> chatlink.com /home/guido5/duperl/ducgi Ducer.cgi
97.12.29 21:59 B C:\html\perl\cgi\DUCER1.CGI --> chatlink.com /home/guido5/duperl/ducgi DUCER1.CGI
97.12.29 21:59 B C:\html\perl\cgi\DUCER2.CGI --> chatlink.com /home/guido5/duperl/ducgi DUCER2.CGI
97.12.29 21:59 B C:\html\perl\cgi\DUCERV.CGI --> chatlink.com /home/guido5/duperl/ducgi DUCERV.CGI
97.12.29 21:59 B C:\html\perl\cgi\duRestart.cgi --> chatlink.com /home/guido5/duperl/ducgi duRestart.cgi
97.12.29 21:59 B C:\html\perl\cgi\DuStart.cgi --> chatlink.com /home/guido5/duperl/ducgi DuStart.cgi
97.12.29 21:59 B C:\html\perl\cgi\FER.CGI --> chatlink.com /home/guido5/duperl/ducgi FER.CGI
97.12.29 21:59 B C:\html\perl\cgi\FER2.CGI --> chatlink.com /home/guido5/duperl/ducgi FER2.CGI
97.12.29 21:59 B C:\html\perl\cgi\FOO.CGI --> chatlink.com /home/guido5/duperl/ducgi FOO.CGI
97.12.29 21:59 B C:\html\perl\cgi\FOO2.CGI --> chatlink.com /home/guido5/duperl/ducgi FOO2.CGI
97.12.29 21:59 B C:\html\perl\cgi\jobreq.cgi --> chatlink.com /home/guido5/duperl/ducgi jobreq.cgi
97.12.29 21:59 B C:\html\perl\cgi\JOINDUCER.CGI --> chatlink.com /home/guido5/duperl/ducgi JOINDUCER.CGI
97.12.29 21:59 B C:\html\perl\cgi\pics.cgi --> chatlink.com /home/guido5/duperl/ducgi pics.cgi
97.12.29 21:59 B C:\html\perl\cgi\PODL2CAR.CGI --> chatlink.com /home/guido5/duperl/ducgi PODL2CAR.CGI
97.12.29 21:59 B C:\html\perl\cgi\RANDOM.CGI --> chatlink.com /home/guido5/duperl/ducgi RANDOM.CGI
97.12.29 21:59 B C:\html\perl\cgi\sound.cgi --> chatlink.com /home/guido5/duperl/ducgi sound.cgi
97.12.29 21:59 B C:\html\perl\cgi\webcrawl.cgi --> chatlink.com /home/guido5/duperl/ducgi webcrawl.cgi
97.12.29 21:59 B C:\html\perl\cgi\webscan.cgi --> chatlink.com /home/guido5/duperl/ducgi webscan.cgi
97.12.29 23:24 B C:\html\perl\cgi\DuStart.cgi --> chatlink.com /home/guido5/duperl/ducgi DuStart.cgi
97.12.29 23:24 B C:\html\perl\cgi\duRestart.cgi --> chatlink.com /home/guido5/duperl/ducgi duRestart.cgi
97.12.29 23:26 B C:\html\perl\cgi\C++_wrappers.tar.gz <-- wrappers /OLD/gnu C++_wrappers.tar.gz
98.11.06 09:41 B C:\Ducer\cgi\cgi\cgitest.cgi --> budget.net /home2/theguy/WWW/cgi-bin cgitest.cgi
98.11.12 09:39 B C:\Ducer\cgi\cgi\Ducerv.cgi --> budget.net /home2/theguy/WWW/Ducer/cgi-bin Ducerv.cgi
98.11.26 17:41 B C:\Ducer\cgi\cgi\Ducerv.cgi --> budget.net /home2/theguy/WWW/Ducer/cgi-bin Ducerv.cgi
99.09.14 12:09 B C:\Ducer\cgi\cgi\!PODL_CA.CGI --> budget.net /home2/theguy/ducer/cgi !PODL_CA.CGI
99.09.14 12:09 B C:\Ducer\cgi\cgi\backg.cgi --> budget.net /home2/theguy/ducer/cgi backg.cgi
99.09.14 12:09 B C:\Ducer\cgi\cgi\BDAY.CGI --> budget.net /home2/theguy/ducer/cgi BDAY.CGI
99.09.14 12:09 B C:\Ducer\cgi\cgi\C++_wrappers.tar.gz --> budget.net /home2/theguy/ducer/cgi C++_wrappers.tar.gz
99.09.14 12:09 B C:\Ducer\cgi\cgi\cgitest.cgi --> budget.net /home2/theguy/ducer/cgi cgitest.cgi
99.09.14 12:09 B C:\Ducer\cgi\cgi\CHFORTCOOKY.CGI --> budget.net /home2/theguy/ducer/cgi CHFORTCOOKY.CGI
99.09.14 12:09 B C:\Ducer\cgi\cgi\datacomp.cgi --> budget.net /home2/theguy/ducer/cgi datacomp.cgi
99.09.14 12:09 B C:\Ducer\cgi\cgi\Ducer.cgi --> budget.net /home2/theguy/ducer/cgi Ducer.cgi
99.09.14 12:09 B C:\Ducer\cgi\cgi\DUCER1.CGI --> budget.net /home2/theguy/ducer/cgi DUCER1.CGI
99.09.14 12:09 B C:\Ducer\cgi\cgi\Ducer2.cgi --> budget.net /home2/theguy/ducer/cgi Ducer2.cgi
99.09.14 12:09 B C:\Ducer\cgi\cgi\Ducerv.cgi --> budget.net /home2/theguy/ducer/cgi Ducerv.cgi
99.09.14 12:09 B C:\Ducer\cgi\cgi\DuPrep.pl --> budget.net /home2/theguy/ducer/cgi DuPrep.pl
99.09.14 12:09 B C:\Ducer\cgi\cgi\dureply.cgi --> budget.net /home2/theguy/ducer/cgi dureply.cgi
99.09.14 12:09 B C:\Ducer\cgi\cgi\duRestart.cgi --> budget.net /home2/theguy/ducer/cgi duRestart.cgi
99.09.14 12:09 B C:\Ducer\cgi\cgi\DuStart.cgi --> budget.net /home2/theguy/ducer/cgi DuStart.cgi
99.09.14 12:09 B C:\Ducer\cgi\cgi\dustart2.cgi --> budget.net /home2/theguy/ducer/cgi dustart2.cgi
99.09.14 12:09 B C:\Ducer\cgi\cgi\expout.cgi --> budget.net /home2/theguy/ducer/cgi expout.cgi
99.09.14 12:09 B C:\Ducer\cgi\cgi\expout.html --> budget.net /home2/theguy/ducer/cgi expout.html
99.09.14 12:09 B C:\Ducer\cgi\cgi\expout.txt --> budget.net /home2/theguy/ducer/cgi expout.txt
99.09.14 12:09 B C:\Ducer\cgi\cgi\FER.CGI --> budget.net /home2/theguy/ducer/cgi FER.CGI
99.09.14 12:09 B C:\Ducer\cgi\cgi\FER2.CGI --> budget.net /home2/theguy/ducer/cgi FER2.CGI
99.09.14 12:09 B C:\Ducer\cgi\cgi\FOO.CGI --> budget.net /home2/theguy/ducer/cgi FOO.CGI
99.09.14 12:09 B C:\Ducer\cgi\cgi\FOO2.CGI --> budget.net /home2/theguy/ducer/cgi FOO2.CGI
99.09.14 12:09 B C:\Ducer\cgi\cgi\job1.sc --> budget.net /home2/theguy/ducer/cgi job1.sc
99.09.14 12:09 B C:\Ducer\cgi\cgi\jobreq.cgi --> budget.net /home2/theguy/ducer/cgi jobreq.cgi
99.09.14 12:10 B C:\Ducer\cgi\cgi\JOINDUCER.CGI --> budget.net /home2/theguy/ducer/cgi JOINDUCER.CGI
99.09.14 12:10 B C:\Ducer\cgi\cgi\pagechanger.cgi --> budget.net /home2/theguy/ducer/cgi pagechanger.cgi
99.09.14 12:10 B C:\Ducer\cgi\cgi\pics.cgi --> budget.net /home2/theguy/ducer/cgi pics.cgi
99.09.14 12:10 B C:\Ducer\cgi\cgi\PODL2CAR.CGI --> budget.net /home2/theguy/ducer/cgi PODL2CAR.CGI
99.09.14 12:10 B C:\Ducer\cgi\cgi\RANDOM.CGI --> budget.net /home2/theguy/ducer/cgi RANDOM.CGI
99.09.14 12:10 B C:\Ducer\cgi\cgi\request.job --> budget.net /home2/theguy/ducer/cgi request.job
99.09.14 12:10 B C:\Ducer\cgi\cgi\sound.cgi --> budget.net /home2/theguy/ducer/cgi sound.cgi
99.09.14 12:10 B C:\Ducer\cgi\cgi\timeserver.pl --> budget.net /home2/theguy/ducer/cgi timeserver.pl
99.09.14 12:10 B C:\Ducer\cgi\cgi\titler.cgi --> budget.net /home2/theguy/ducer/cgi titler.cgi
99.09.14 12:10 B C:\Ducer\cgi\cgi\webcrawl.cgi --> budget.net /home2/theguy/ducer/cgi webcrawl.cgi
99.09.14 12:10 B C:\Ducer\cgi\cgi\webscan.cgi --> budget.net /home2/theguy/ducer/cgi webscan.cgi
99.09.14 20:09 B C:\ducer\cgi\WS_FTP.LOG <-- ducer /home2/theguy/ducer/cgi WS_FTP.LOG
99.10.09 20:51 B C:\ducer\cgi\DuFile.pl --> budget.net /home2/theguy/WWW/Ducer/cgi-bin DuFile.pl
