97.12.15 00:46 B C:\java\Ducer\CGI.class --> chatlink.com /home/guido5/WWW/Ducer/ducer2 CGI.class
97.12.15 00:46 B C:\java\Ducer\CGI.java --> chatlink.com /home/guido5/WWW/Ducer/ducer2 CGI.java
97.12.15 00:46 B C:\java\Ducer\CGIACCES.ZIP --> chatlink.com /home/guido5/WWW/Ducer/ducer2 CGIACCES.ZIP
97.12.15 00:46 B C:\java\Ducer\CGIAccess.class --> chatlink.com /home/guido5/WWW/Ducer/ducer2 CGIAccess.class
97.12.15 00:46 B C:\java\Ducer\Ducer.html --> chatlink.com /home/guido5/WWW/Ducer/ducer2 Ducer.html
97.12.15 00:46 B C:\java\Ducer\Ducer.map --> chatlink.com /home/guido5/WWW/Ducer/ducer2 Ducer.map
97.12.15 00:46 B C:\java\Ducer\Ducer.prj --> chatlink.com /home/guido5/WWW/Ducer/ducer2 Ducer.prj
97.12.15 00:46 B C:\java\Ducer\Ducer.tmp.html --> chatlink.com /home/guido5/WWW/Ducer/ducer2 Ducer.tmp.html
97.12.15 00:46 B C:\java\Ducer\DUCERACT.JAV --> chatlink.com /home/guido5/WWW/Ducer/ducer2 DUCERACT.JAV
97.12.15 00:46 B C:\java\Ducer\DucerAction.BAK --> chatlink.com /home/guido5/WWW/Ducer/ducer2 DucerAction.BAK
97.12.15 00:46 B C:\java\Ducer\DucerAction.class --> chatlink.com /home/guido5/WWW/Ducer/ducer2 DucerAction.class
97.12.15 00:46 B C:\java\Ducer\DucerAction.java --> chatlink.com /home/guido5/WWW/Ducer/ducer2 DucerAction.java
97.12.15 00:46 B C:\java\Ducer\DUCERAPP.JAV --> chatlink.com /home/guido5/WWW/Ducer/ducer2 DUCERAPP.JAV
97.12.15 00:46 B C:\java\Ducer\DucerApplet.BAK --> chatlink.com /home/guido5/WWW/Ducer/ducer2 DucerApplet.BAK
97.12.15 00:46 B C:\java\Ducer\DucerApplet.class --> chatlink.com /home/guido5/WWW/Ducer/ducer2 DucerApplet.class
97.12.15 00:46 B C:\java\Ducer\DucerApplet.java --> chatlink.com /home/guido5/WWW/Ducer/ducer2 DucerApplet.java
97.12.15 00:46 B C:\java\Ducer\DucerApplet.java.bak --> chatlink.com /home/guido5/WWW/Ducer/ducer2 DucerApplet.java.bak
97.12.15 00:46 B C:\java\Ducer\DUCERMET.JAV --> chatlink.com /home/guido5/WWW/Ducer/ducer2 DUCERMET.JAV
97.12.15 00:46 B C:\java\Ducer\DucerMeth2.BAK --> chatlink.com /home/guido5/WWW/Ducer/ducer2 DucerMeth2.BAK
97.12.15 00:46 B C:\java\Ducer\DucerMeth2.class --> chatlink.com /home/guido5/WWW/Ducer/ducer2 DucerMeth2.class
97.12.15 00:46 B C:\java\Ducer\DucerMeth2.java --> chatlink.com /home/guido5/WWW/Ducer/ducer2 DucerMeth2.java
97.12.15 00:46 B C:\java\Ducer\DucerTest.BAK --> chatlink.com /home/guido5/WWW/Ducer/ducer2 DucerTest.BAK
97.12.15 00:46 B C:\java\Ducer\DucerTest.java --> chatlink.com /home/guido5/WWW/Ducer/ducer2 DucerTest.java
97.12.15 00:46 B C:\java\Ducer\ErorTest.java --> chatlink.com /home/guido5/WWW/Ducer/ducer2 ErorTest.java
97.12.15 00:46 B C:\java\Ducer\JAVAMAP.HSL --> chatlink.com /home/guido5/WWW/Ducer/ducer2 JAVAMAP.HSL
97.12.15 00:46 B C:\java\Ducer\scheduler.java --> chatlink.com /home/guido5/WWW/Ducer/ducer2 scheduler.java
97.12.15 00:46 B C:\java\Ducer\TIMEKEEP.JAV --> chatlink.com /home/guido5/WWW/Ducer/ducer2 TIMEKEEP.JAV
97.12.15 00:46 B C:\java\Ducer\Timekeeper.BAK --> chatlink.com /home/guido5/WWW/Ducer/ducer2 Timekeeper.BAK
97.12.15 00:46 B C:\java\Ducer\Timekeeper.class --> chatlink.com /home/guido5/WWW/Ducer/ducer2 Timekeeper.class
97.12.15 00:46 B C:\java\Ducer\Timekeeper.java --> chatlink.com /home/guido5/WWW/Ducer/ducer2 Timekeeper.java
97.12.15 00:46 B C:\java\Ducer\Urlparser.BAK --> chatlink.com /home/guido5/WWW/Ducer/ducer2 Urlparser.BAK
97.12.15 00:46 B C:\java\Ducer\Urlparser.java --> chatlink.com /home/guido5/WWW/Ducer/ducer2 Urlparser.java
97.12.29 21:54 B C:\Ducer\ducer\CGI.class --> chatlink.com /home/guido5/Ducer CGI.class
97.12.29 21:54 B C:\Ducer\ducer\CGI.java --> chatlink.com /home/guido5/Ducer CGI.java
97.12.29 21:54 B C:\Ducer\ducer\CGIAccess.class --> chatlink.com /home/guido5/Ducer CGIAccess.class
97.12.29 21:54 B C:\Ducer\ducer\DUCERACT.JAV --> chatlink.com /home/guido5/Ducer DUCERACT.JAV
97.12.29 21:54 B C:\Ducer\ducer\DucerAction.class --> chatlink.com /home/guido5/Ducer DucerAction.class
97.12.29 21:54 B C:\Ducer\ducer\DucerAction.java --> chatlink.com /home/guido5/Ducer DucerAction.java
97.12.29 21:54 B C:\Ducer\ducer\DucerAction2.java --> chatlink.com /home/guido5/Ducer DucerAction2.java
97.12.29 21:54 B C:\Ducer\ducer\DUCERAPP.JAV --> chatlink.com /home/guido5/Ducer DUCERAPP.JAV
97.12.29 21:54 B C:\Ducer\ducer\DucerApplet.class --> chatlink.com /home/guido5/Ducer DucerApplet.class
97.12.29 21:54 B C:\Ducer\ducer\DucerApplet.java --> chatlink.com /home/guido5/Ducer DucerApplet.java
97.12.29 21:54 B C:\Ducer\ducer\DucerApplet2.java --> chatlink.com /home/guido5/Ducer DucerApplet2.java
97.12.29 21:54 B C:\Ducer\ducer\DUCERMET.JAV --> chatlink.com /home/guido5/Ducer DUCERMET.JAV
97.12.29 21:54 B C:\Ducer\ducer\DucerMeth2.class --> chatlink.com /home/guido5/Ducer DucerMeth2.class
97.12.29 21:55 B C:\Ducer\ducer\DucerMeth2.java --> chatlink.com /home/guido5/Ducer DucerMeth2.java
97.12.29 21:55 B C:\Ducer\ducer\DucerMeth3.class --> chatlink.com /home/guido5/Ducer DucerMeth3.class
97.12.29 21:55 B C:\Ducer\ducer\DucerMeth3.java --> chatlink.com /home/guido5/Ducer DucerMeth3.java
97.12.29 21:55 B C:\Ducer\ducer\DucerTest.java --> chatlink.com /home/guido5/Ducer DucerTest.java
97.12.29 21:55 B C:\Ducer\ducer\ErorTest.java --> chatlink.com /home/guido5/Ducer ErorTest.java
97.12.29 21:55 B C:\Ducer\ducer\out.txt --> chatlink.com /home/guido5/Ducer out.txt
97.12.29 21:55 B C:\Ducer\ducer\scheduler.java --> chatlink.com /home/guido5/Ducer scheduler.java
97.12.29 21:55 B C:\Ducer\ducer\Timekeep.jav --> chatlink.com /home/guido5/Ducer Timekeep.jav
97.12.29 21:55 B C:\Ducer\ducer\Timekeeper.class --> chatlink.com /home/guido5/Ducer Timekeeper.class
97.12.29 21:55 B C:\Ducer\ducer\Timekeeper.java --> chatlink.com /home/guido5/Ducer Timekeeper.java
97.12.29 21:55 B C:\Ducer\ducer\Timekeeper2.class --> chatlink.com /home/guido5/Ducer Timekeeper2.class
97.12.29 21:55 B C:\Ducer\ducer\Timekeeper2.java --> chatlink.com /home/guido5/Ducer Timekeeper2.java
97.12.29 21:55 B C:\Ducer\ducer\Urlparser.java --> chatlink.com /home/guido5/Ducer Urlparser.java
97.12.30 22:26 B C:\Ducer\ducer\CGI.class --> chatlink.com /home/guido5/Ducer CGI.class
97.12.30 22:26 B C:\Ducer\ducer\CGI.java --> chatlink.com /home/guido5/Ducer CGI.java
97.12.30 22:26 B C:\Ducer\ducer\CGIAccess.class --> chatlink.com /home/guido5/Ducer CGIAccess.class
97.12.30 22:26 B C:\Ducer\ducer\DUCERACT.JAV --> chatlink.com /home/guido5/Ducer DUCERACT.JAV
97.12.30 22:26 B C:\Ducer\ducer\DucerAction.class --> chatlink.com /home/guido5/Ducer DucerAction.class
97.12.30 22:26 B C:\Ducer\ducer\DucerAction.java --> chatlink.com /home/guido5/Ducer DucerAction.java
97.12.30 22:26 B C:\Ducer\ducer\DucerAction2.class --> chatlink.com /home/guido5/Ducer DucerAction2.class
97.12.30 22:26 B C:\Ducer\ducer\DucerAction2.java --> chatlink.com /home/guido5/Ducer DucerAction2.java
97.12.30 22:26 B C:\Ducer\ducer\DUCERAPP.JAV --> chatlink.com /home/guido5/Ducer DUCERAPP.JAV
97.12.30 22:26 B C:\Ducer\ducer\DucerApplet.class --> chatlink.com /home/guido5/Ducer DucerApplet.class
97.12.30 22:26 B C:\Ducer\ducer\DucerApplet.java --> chatlink.com /home/guido5/Ducer DucerApplet.java
97.12.30 22:26 B C:\Ducer\ducer\DucerApplet2.class --> chatlink.com /home/guido5/Ducer DucerApplet2.class
97.12.30 22:26 B C:\Ducer\ducer\DucerApplet2.java --> chatlink.com /home/guido5/Ducer DucerApplet2.java
97.12.30 22:26 B C:\Ducer\ducer\DUCERMET.JAV --> chatlink.com /home/guido5/Ducer DUCERMET.JAV
97.12.30 22:26 B C:\Ducer\ducer\DucerMeth2.class --> chatlink.com /home/guido5/Ducer DucerMeth2.class
97.12.30 22:26 B C:\Ducer\ducer\DucerMeth2.java --> chatlink.com /home/guido5/Ducer DucerMeth2.java
97.12.30 22:26 B C:\Ducer\ducer\DucerMeth3.class --> chatlink.com /home/guido5/Ducer DucerMeth3.class
97.12.30 22:26 B C:\Ducer\ducer\DucerMeth3.java --> chatlink.com /home/guido5/Ducer DucerMeth3.java
97.12.30 22:27 B C:\Ducer\ducer\DucerTest.java --> chatlink.com /home/guido5/Ducer DucerTest.java
97.12.30 22:27 B C:\Ducer\ducer\ErorTest.java --> chatlink.com /home/guido5/Ducer ErorTest.java
97.12.30 22:27 B C:\Ducer\ducer\out.txt --> chatlink.com /home/guido5/Ducer out.txt
97.12.30 22:27 B C:\Ducer\ducer\scheduler.java --> chatlink.com /home/guido5/Ducer scheduler.java
97.12.30 22:27 B C:\Ducer\ducer\Timekeep.jav --> chatlink.com /home/guido5/Ducer Timekeep.jav
97.12.30 22:27 B C:\Ducer\ducer\Timekeeper.class --> chatlink.com /home/guido5/Ducer Timekeeper.class
97.12.30 22:27 B C:\Ducer\ducer\Timekeeper.java --> chatlink.com /home/guido5/Ducer Timekeeper.java
97.12.30 22:27 B C:\Ducer\ducer\Timekeeper2.class --> chatlink.com /home/guido5/Ducer Timekeeper2.class
97.12.30 22:27 B C:\Ducer\ducer\Timekeeper2.java --> chatlink.com /home/guido5/Ducer Timekeeper2.java
97.12.30 22:27 B C:\Ducer\ducer\Urlparser.java --> chatlink.com /home/guido5/Ducer Urlparser.java
99.09.14 12:08 B C:\Ducer\ducer\CGI.class --> budget.net /home2/theguy/ducer CGI.class
99.09.14 12:08 B C:\Ducer\ducer\CGI.java --> budget.net /home2/theguy/ducer CGI.java
99.09.14 12:08 B C:\Ducer\ducer\CGIAccess.class --> budget.net /home2/theguy/ducer CGIAccess.class
99.09.14 12:08 B C:\Ducer\ducer\DUCERACT.JAV --> budget.net /home2/theguy/ducer DUCERACT.JAV
99.09.14 12:08 B C:\Ducer\ducer\DucerAction.class --> budget.net /home2/theguy/ducer DucerAction.class
99.09.14 12:08 B C:\Ducer\ducer\DucerAction.java --> budget.net /home2/theguy/ducer DucerAction.java
99.09.14 12:08 B C:\Ducer\ducer\DucerAction2.class --> budget.net /home2/theguy/ducer DucerAction2.class
99.09.14 12:08 B C:\Ducer\ducer\DucerAction2.java --> budget.net /home2/theguy/ducer DucerAction2.java
99.09.14 12:08 B C:\Ducer\ducer\DucerApp.class --> budget.net /home2/theguy/ducer DucerApp.class
99.09.14 12:08 B C:\Ducer\ducer\DUCERAPP.JAV --> budget.net /home2/theguy/ducer DUCERAPP.JAV
99.09.14 12:08 B C:\Ducer\ducer\DucerApp.java --> budget.net /home2/theguy/ducer DucerApp.java
99.09.14 12:08 B C:\Ducer\ducer\DucerApplet.class --> budget.net /home2/theguy/ducer DucerApplet.class
99.09.14 12:08 B C:\Ducer\ducer\DucerApplet.java --> budget.net /home2/theguy/ducer DucerApplet.java
99.09.14 12:08 B C:\Ducer\ducer\DucerApplet2.class --> budget.net /home2/theguy/ducer DucerApplet2.class
99.09.14 12:08 B C:\Ducer\ducer\DucerApplet2.dsp --> budget.net /home2/theguy/ducer DucerApplet2.dsp
99.09.14 12:08 B C:\Ducer\ducer\DucerApplet2.dsw --> budget.net /home2/theguy/ducer DucerApplet2.dsw
99.09.14 12:08 B C:\Ducer\ducer\DucerApplet2.java --> budget.net /home2/theguy/ducer DucerApplet2.java
99.09.14 12:08 B C:\Ducer\ducer\DucerApplet2.ncb --> budget.net /home2/theguy/ducer DucerApplet2.ncb
99.09.14 12:08 B C:\Ducer\ducer\DucerApplet2.opt --> budget.net /home2/theguy/ducer DucerApplet2.opt
99.09.14 12:08 B C:\Ducer\ducer\DucerApplet2.plg --> budget.net /home2/theguy/ducer DucerApplet2.plg
99.09.14 12:08 B C:\Ducer\ducer\DUCERMET.JAV --> budget.net /home2/theguy/ducer DUCERMET.JAV
99.09.14 12:08 B C:\Ducer\ducer\DucerMeth2.class --> budget.net /home2/theguy/ducer DucerMeth2.class
99.09.14 12:08 B C:\Ducer\ducer\DucerMeth2.java --> budget.net /home2/theguy/ducer DucerMeth2.java
99.09.14 12:08 B C:\Ducer\ducer\DucerMeth3.class --> budget.net /home2/theguy/ducer DucerMeth3.class
99.09.14 12:08 B C:\Ducer\ducer\DucerMeth3.java --> budget.net /home2/theguy/ducer DucerMeth3.java
99.09.14 12:09 B C:\Ducer\ducer\DucerTest.java --> budget.net /home2/theguy/ducer DucerTest.java
99.09.14 12:09 B C:\Ducer\ducer\ErorTest.java --> budget.net /home2/theguy/ducer ErorTest.java
99.09.14 12:09 B C:\Ducer\ducer\Exapplet.java --> budget.net /home2/theguy/ducer Exapplet.java
99.09.14 12:09 B C:\Ducer\ducer\out.txt --> budget.net /home2/theguy/ducer out.txt
99.09.14 12:09 B C:\Ducer\ducer\scheduler.java --> budget.net /home2/theguy/ducer scheduler.java
99.09.14 12:09 B C:\Ducer\ducer\TestDapp.html --> budget.net /home2/theguy/ducer TestDapp.html
99.09.14 12:09 B C:\Ducer\ducer\Timekeep.jav --> budget.net /home2/theguy/ducer Timekeep.jav
99.09.14 12:09 B C:\Ducer\ducer\Timekeeper.class --> budget.net /home2/theguy/ducer Timekeeper.class
99.09.14 12:09 B C:\Ducer\ducer\Timekeeper.java --> budget.net /home2/theguy/ducer Timekeeper.java
99.09.14 12:09 B C:\Ducer\ducer\Timekeeper2.class --> budget.net /home2/theguy/ducer Timekeeper2.class
99.09.14 12:09 B C:\Ducer\ducer\Timekeeper2.java --> budget.net /home2/theguy/ducer Timekeeper2.java
99.09.14 12:09 B C:\Ducer\ducer\Urlparser.java --> budget.net /home2/theguy/ducer Urlparser.java
99.09.14 12:09 B C:\Ducer\ducer\VJ2105.HTML --> budget.net /home2/theguy/ducer VJ2105.HTML
99.09.14 20:10 B C:\ducer\WS_FTP.LOG <-- ducer /home2/theguy/ducer WS_FTP.LOG
